<?xml version="1.0" encoding="UTF-8"?>
<testsuite xmlns:xsi="http://www.w3.org/2001/XMLSchema-instance" xsi:noNamespaceSchemaLocation="https://maven.apache.org/surefire/maven-surefire-plugin/xsd/surefire-test-report-3.0.xsd" version="3.0" name="com.museum.MybatisplusApplicationTests" time="6.021" tests="1" errors="0" skipped="0" failures="0">
  <properties>
[...]
</properties>
  <testcase name="contextLoads" classname="com.museum.MybatisplusApplicationTests" time="0.184">
    <system-out><![CDATA[13:50:05.002 [main] DEBUG org.springframework.test.context.BootstrapUtils - Instantiating CacheAwareContextLoaderDelegate from class [org.springframework.test.context.cache.DefaultCacheAwareContextLoaderDelegate]
13:50:05.010 [main] DEBUG org.springframework.test.context.BootstrapUtils - Instantiating BootstrapContext using constructor [public org.springframework.test.context.support.DefaultBootstrapContext(java.lang.Class,org.springframework.test.context.CacheAwareContextLoaderDelegate)]
13:50:05.036 [main] DEBUG org.springframework.test.context.BootstrapUtils - Instantiating TestContextBootstrapper for test class [com.museum.MybatisplusApplicationTests] from class [org.springframework.boot.test.context.SpringBootTestContextBootstrapper]
13:50:05.046 [main] INFO org.springframework.boot.test.context.SpringBootTestContextBootstrapper - Neither @ContextConfiguration nor @ContextHierarchy found for test class [com.museum.MybatisplusApplicationTests], using SpringBootContextLoader
13:50:05.049 [main] DEBUG org.springframework.test.context.support.AbstractContextLoader - Did not detect default resource location for test class [com.museum.MybatisplusApplicationTests]: class path resource [com/museum/MybatisplusApplicationTests-context.xml] does not exist
13:50:05.049 [main] DEBUG org.springframework.test.context.support.AbstractContextLoader - Did not detect default resource location for test class [com.museum.MybatisplusApplicationTests]: class path resource [com/museum/MybatisplusApplicationTestsContext.groovy] does not exist
13:50:05.049 [main] INFO org.springframework.test.context.support.AbstractContextLoader - Could not detect default resource locations for test class [com.museum.MybatisplusApplicationTests]: no resource found for suffixes {-context.xml, Context.groovy}.
13:50:05.049 [main] INFO org.springframework.test.context.support.AnnotationConfigContextLoaderUtils - Could not detect default configuration classes for test class [com.museum.MybatisplusApplicationTests]: MybatisplusApplicationTests does not declare any static, non-private, non-final, nested classes annotated with @Configuration.
13:50:05.086 [main] DEBUG org.springframework.test.context.support.ActiveProfilesUtils - Could not find an 'annotation declaring class' for annotation type [org.springframework.test.context.ActiveProfiles] and class [com.museum.MybatisplusApplicationTests]
13:50:05.149 [main] DEBUG org.springframework.context.annotation.ClassPathScanningCandidateComponentProvider - Identified candidate component class: file [D:\GBS\museum\museum_server\target\classes\com\museum\MybatisplusApplication.class]
13:50:05.151 [main] INFO org.springframework.boot.test.context.SpringBootTestContextBootstrapper - Found @SpringBootConfiguration com.museum.MybatisplusApplication for test class com.museum.MybatisplusApplicationTests
13:50:05.221 [main] DEBUG org.springframework.boot.test.context.SpringBootTestContextBootstrapper - @TestExecutionListeners is not present for class [com.museum.MybatisplusApplicationTests]: using defaults.
13:50:05.222 [main] INFO org.springframework.boot.test.context.SpringBootTestContextBootstrapper - Loaded default TestExecutionListener class names from location [META-INF/spring.factories]: [org.springframework.boot.test.mock.mockito.MockitoTestExecutionListener, org.springframework.boot.test.mock.mockito.ResetMocksTestExecutionListener, org.springframework.boot.test.autoconfigure.restdocs.RestDocsTestExecutionListener, org.springframework.boot.test.autoconfigure.web.client.MockRestServiceServerResetTestExecutionListener, org.springframework.boot.test.autoconfigure.web.servlet.MockMvcPrintOnlyOnFailureTestExecutionListener, org.springframework.boot.test.autoconfigure.web.servlet.WebDriverTestExecutionListener, org.springframework.boot.test.autoconfigure.webservices.client.MockWebServiceServerTestExecutionListener, org.springframework.test.context.web.ServletTestExecutionListener, org.springframework.test.context.support.DirtiesContextBeforeModesTestExecutionListener, org.springframework.test.context.event.ApplicationEventsTestExecutionListener, org.springframework.test.context.support.DependencyInjectionTestExecutionListener, org.springframework.test.context.support.DirtiesContextTestExecutionListener, org.springframework.test.context.transaction.TransactionalTestExecutionListener, org.springframework.test.context.jdbc.SqlScriptsTestExecutionListener, org.springframework.test.context.event.EventPublishingTestExecutionListener]
13:50:05.237 [main] INFO org.springframework.boot.test.context.SpringBootTestContextBootstrapper - Using TestExecutionListeners: [org.springframework.test.context.web.ServletTestExecutionListener@50f6ac94, org.springframework.test.context.support.DirtiesContextBeforeModesTestExecutionListener@6cc4cdb9, org.springframework.test.context.event.ApplicationEventsTestExecutionListener@28194a50, org.springframework.boot.test.mock.mockito.MockitoTestExecutionListener@7f2cfe3f, org.springframework.boot.test.autoconfigure.SpringBootDependencyInjectionTestExecutionListener@1a5b6f42, org.springframework.test.context.support.DirtiesContextTestExecutionListener@5038d0b5, org.springframework.test.context.transaction.TransactionalTestExecutionListener@32115b28, org.springframework.test.context.jdbc.SqlScriptsTestExecutionListener@2ad48653, org.springframework.test.context.event.EventPublishingTestExecutionListener@6bb4dd34, org.springframework.boot.test.mock.mockito.ResetMocksTestExecutionListener@7d9f158f, org.springframework.boot.test.autoconfigure.restdocs.RestDocsTestExecutionListener@45efd90f, org.springframework.boot.test.autoconfigure.web.client.MockRestServiceServerResetTestExecutionListener@4b8729ff, org.springframework.boot.test.autoconfigure.web.servlet.MockMvcPrintOnlyOnFailureTestExecutionListener@61710c6, org.springframework.boot.test.autoconfigure.web.servlet.WebDriverTestExecutionListener@3214ee6, org.springframework.boot.test.autoconfigure.webservices.client.MockWebServiceServerTestExecutionListener@383dc82c]
13:50:05.239 [main] DEBUG org.springframework.test.context.support.AbstractDirtiesContextTestExecutionListener - Before test class: context [DefaultTestContext@79defdc testClass = MybatisplusApplicationTests, testInstance = [null], testMethod = [null], testException = [null], mergedContextConfiguration = [WebMergedContextConfiguration@18317edc testClass = MybatisplusApplicationTests, locations = '{}', classes = '{class com.museum.MybatisplusApplication}', contextInitializerClasses = '[]', activeProfiles = '{}', propertySourceLocations = '{}', propertySourceProperties = '{org.springframework.boot.test.context.SpringBootTestContextBootstrapper=true}', contextCustomizers = set[org.springframework.boot.test.context.filter.ExcludeFilterContextCustomizer@510f3d34, org.springframework.boot.test.json.DuplicateJsonObjectContextCustomizerFactory$DuplicateJsonObjectContextCustomizer@2362f559, org.springframework.boot.test.mock.mockito.MockitoContextCustomizer@0, org.springframework.boot.test.web.client.TestRestTemplateContextCustomizer@4009e306, org.springframework.boot.test.autoconfigure.actuate.metrics.MetricsExportContextCustomizerFactory$DisableMetricExportContextCustomizer@c0c2f8d, org.springframework.boot.test.autoconfigure.properties.PropertyMappingContextCustomizer@0, org.springframework.boot.test.autoconfigure.web.servlet.WebDriverContextCustomizerFactory$Customizer@5b94b04d, org.springframework.boot.test.context.SpringBootTestArgs@1, org.springframework.boot.test.context.SpringBootTestWebEnvironment@51cdd8a], resourceBasePath = 'src/main/webapp', contextLoader = 'org.springframework.boot.test.context.SpringBootContextLoader', parent = [null]], attributes = map['org.springframework.test.context.web.ServletTestExecutionListener.activateListener' -> true]], class annotated with @DirtiesContext [false] with mode [null].

  .   ____          _            __ _ _
 /\\ / ___'_ __ _ _(_)_ __  __ _ \ \ \ \
( ( )\___ | '_ | '_| | '_ \/ _` | \ \ \ \
 \\/  ___)| |_)| | | | | || (_| |  ) ) ) )
  '  |____| .__|_| |_|_| |_\__, | / / / /
 =========|_|==============|___/=/_/_/_/
 :: Spring Boot ::               (v2.6.14)

2025-03-20 13:50:05 [main] INFO  c.museum.MybatisplusApplicationTests - Starting MybatisplusApplicationTests using Java 1.8.0_432 on PEPSI with PID 27192 (started by 28104 in D:\GBS\museum\museum_server)
2025-03-20 13:50:05 [main] DEBUG c.museum.MybatisplusApplicationTests - Running with Spring Boot v2.6.14, Spring v5.3.24
2025-03-20 13:50:05 [main] INFO  c.museum.MybatisplusApplicationTests - No active profile set, falling back to 1 default profile: "default"
2025-03-20 13:50:06 [main] INFO  o.s.c.s.PostProcessorRegistrationDelegate$BeanPostProcessorChecker - Bean 'swaggerFixConfig' of type [com.museum.config.SwaggerFixConfig$$EnhancerBySpringCGLIB$$d2592cc] is not eligible for getting processed by all BeanPostProcessors (for example: not eligible for auto-proxying)
Logging initialized using 'class org.apache.ibatis.logging.stdout.StdOutImpl' adapter.
Registered plugin: 'com.baomidou.mybatisplus.extension.plugins.MybatisPlusInterceptor@3ba0ae41'
Parsed mapper file: 'file [D:\GBS\museum\museum_server\target\classes\mapper\ExhibitionCollectionMapper.xml]'
Parsed mapper file: 'file [D:\GBS\museum\museum_server\target\classes\mapper\ExhibitionMapper.xml]'
Parsed mapper file: 'file [D:\GBS\museum\museum_server\target\classes\mapper\FeedbackLikeMapper.xml]'
Parsed mapper file: 'file [D:\GBS\museum\museum_server\target\classes\mapper\LikeMapper.xml]'
[com.museum.mapper.ReserveDetialMapper.insert] Has been loaded by XML or SqlProvider or Mybatis's Annotation, so ignoring this injection for [class com.baomidou.mybatisplus.core.injector.methods.Insert]
[com.museum.mapper.ReserveDetialMapper.updateById] Has been loaded by XML or SqlProvider or Mybatis's Annotation, so ignoring this injection for [class com.baomidou.mybatisplus.core.injector.methods.UpdateById]
[com.museum.mapper.ReserveDetialMapper.selectById] Has been loaded by XML or SqlProvider or Mybatis's Annotation, so ignoring this injection for [class com.baomidou.mybatisplus.core.injector.methods.SelectById]
Parsed mapper file: 'file [D:\GBS\museum\museum_server\target\classes\mapper\ReserveDetialMapper.xml]'
Parsed mapper file: 'file [D:\GBS\museum\museum_server\target\classes\mapper\ReserveMapper.xml]'
Parsed mapper file: 'file [D:\GBS\museum\museum_server\target\classes\mapper\StudentMapper.xml]'
 _ _   |_  _ _|_. ___ _ |    _ 
| | |\/|_)(_| | |_\  |_)||_|_\ 
     /               |         
                        3.4.3 
2025-03-20 13:50:09 [main] INFO  o.s.b.a.e.web.EndpointLinksResolver - Exposing 1 endpoint(s) beneath base path '/actuator'
2025-03-20 13:50:10 [main] INFO  c.museum.MybatisplusApplicationTests - Started MybatisplusApplicationTests in 5.462 seconds (JVM running for 6.22)
]]></system-out>
  </testcase>
</testsuite>